<?xml version="1.0" encoding="UTF-8"?>
<testsuite xmlns:xsi="http://www.w3.org/2001/XMLSchema-instance" xsi:noNamespaceSchemaLocation="https://maven.apache.org/surefire/maven-surefire-plugin/xsd/surefire-test-report.xsd" name="MainTest" time="0.853" tests="15" errors="2" skipped="0" failures="0">
  <properties>
    <property name="java.specification.version" value="17"/>
    <property name="sun.jnu.encoding" value="UTF-8"/>
    <property name="java.class.path" value="/Users/yalcindamoglu/Downloads/FSWEB-S14D1-Maven-master/target/test-classes:/Users/yalcindamoglu/Downloads/FSWEB-S14D1-Maven-master/target/classes:/Users/yalcindamoglu/.m2/repository/org/junit/jupiter/junit-jupiter-api/5.10.2/junit-jupiter-api-5.10.2.jar:/Users/yalcindamoglu/.m2/repository/org/opentest4j/opentest4j/1.3.0/opentest4j-1.3.0.jar:/Users/yalcindamoglu/.m2/repository/org/junit/platform/junit-platform-commons/1.10.2/junit-platform-commons-1.10.2.jar:/Users/yalcindamoglu/.m2/repository/org/apiguardian/apiguardian-api/1.1.2/apiguardian-api-1.1.2.jar:/Users/yalcindamoglu/.m2/repository/org/junit/jupiter/junit-jupiter-engine/5.10.2/junit-jupiter-engine-5.10.2.jar:/Users/yalcindamoglu/.m2/repository/org/junit/platform/junit-platform-engine/1.10.2/junit-platform-engine-1.10.2.jar:/Users/yalcindamoglu/.m2/repository/org/junit/jupiter/junit-jupiter-params/5.10.2/junit-jupiter-params-5.10.2.jar:/Users/yalcindamoglu/.m2/repository/org/hamcrest/hamcrest/2.2/hamcrest-2.2.jar:/Users/yalcindamoglu/.m2/repository/org/apache/httpcomponents/httpclient/4.5.14/httpclient-4.5.14.jar:/Users/yalcindamoglu/.m2/repository/org/apache/httpcomponents/httpcore/4.4.16/httpcore-4.4.16.jar:/Users/yalcindamoglu/.m2/repository/commons-logging/commons-logging/1.2/commons-logging-1.2.jar:/Users/yalcindamoglu/.m2/repository/commons-codec/commons-codec/1.11/commons-codec-1.11.jar:/Users/yalcindamoglu/.m2/repository/org/json/json/20231013/json-20231013.jar:"/>
    <property name="java.vm.vendor" value="Microsoft"/>
    <property name="sun.arch.data.model" value="64"/>
    <property name="java.vendor.url" value="https://www.microsoft.com"/>
    <property name="os.name" value="Mac OS X"/>
    <property name="java.vm.specification.version" value="17"/>
    <property name="sun.java.launcher" value="SUN_STANDARD"/>
    <property name="user.country" value="TR"/>
    <property name="sun.boot.library.path" value="/Users/yalcindamoglu/Library/Java/JavaVirtualMachines/ms-17.0.16/Contents/Home/lib"/>
    <property name="sun.java.command" value="/Users/yalcindamoglu/Downloads/FSWEB-S14D1-Maven-master/target/surefire/surefirebooter14040082828759468700.jar /Users/yalcindamoglu/Downloads/FSWEB-S14D1-Maven-master/target/surefire 2025-10-18T21-04-30_989-jvmRun1 surefire18420298202233368379tmp surefire_013758945870483593296tmp"/>
    <property name="http.nonProxyHosts" value="local|*.local|169.254/16|*.169.254/16"/>
    <property name="jdk.debug" value="release"/>
    <property name="surefire.test.class.path" value="/Users/yalcindamoglu/Downloads/FSWEB-S14D1-Maven-master/target/test-classes:/Users/yalcindamoglu/Downloads/FSWEB-S14D1-Maven-master/target/classes:/Users/yalcindamoglu/.m2/repository/org/junit/jupiter/junit-jupiter-api/5.10.2/junit-jupiter-api-5.10.2.jar:/Users/yalcindamoglu/.m2/repository/org/opentest4j/opentest4j/1.3.0/opentest4j-1.3.0.jar:/Users/yalcindamoglu/.m2/repository/org/junit/platform/junit-platform-commons/1.10.2/junit-platform-commons-1.10.2.jar:/Users/yalcindamoglu/.m2/repository/org/apiguardian/apiguardian-api/1.1.2/apiguardian-api-1.1.2.jar:/Users/yalcindamoglu/.m2/repository/org/junit/jupiter/junit-jupiter-engine/5.10.2/junit-jupiter-engine-5.10.2.jar:/Users/yalcindamoglu/.m2/repository/org/junit/platform/junit-platform-engine/1.10.2/junit-platform-engine-1.10.2.jar:/Users/yalcindamoglu/.m2/repository/org/junit/jupiter/junit-jupiter-params/5.10.2/junit-jupiter-params-5.10.2.jar:/Users/yalcindamoglu/.m2/repository/org/hamcrest/hamcrest/2.2/hamcrest-2.2.jar:/Users/yalcindamoglu/.m2/repository/org/apache/httpcomponents/httpclient/4.5.14/httpclient-4.5.14.jar:/Users/yalcindamoglu/.m2/repository/org/apache/httpcomponents/httpcore/4.4.16/httpcore-4.4.16.jar:/Users/yalcindamoglu/.m2/repository/commons-logging/commons-logging/1.2/commons-logging-1.2.jar:/Users/yalcindamoglu/.m2/repository/commons-codec/commons-codec/1.11/commons-codec-1.11.jar:/Users/yalcindamoglu/.m2/repository/org/json/json/20231013/json-20231013.jar:"/>
    <property name="sun.cpu.endian" value="little"/>
    <property name="user.home" value="/Users/yalcindamoglu"/>
    <property name="user.language" value="tr"/>
    <property name="java.specification.vendor" value="Oracle Corporation"/>
    <property name="java.version.date" value="2025-07-15"/>
    <property name="java.home" value="/Users/yalcindamoglu/Library/Java/JavaVirtualMachines/ms-17.0.16/Contents/Home"/>
    <property name="file.separator" value="/"/>
    <property name="basedir" value="/Users/yalcindamoglu/Downloads/FSWEB-S14D1-Maven-master"/>
    <property name="java.vm.compressedOopsMode" value="Zero based"/>
    <property name="line.separator" value="&#10;"/>
    <property name="java.specification.name" value="Java Platform API Specification"/>
    <property name="java.vm.specification.vendor" value="Oracle Corporation"/>
    <property name="surefire.real.class.path" value="/Users/yalcindamoglu/Downloads/FSWEB-S14D1-Maven-master/target/surefire/surefirebooter14040082828759468700.jar"/>
    <property name="sun.management.compiler" value="HotSpot 64-Bit Tiered Compilers"/>
    <property name="ftp.nonProxyHosts" value="local|*.local|169.254/16|*.169.254/16"/>
    <property name="java.runtime.version" value="17.0.16+8-LTS"/>
    <property name="user.name" value="yalcindamoglu"/>
    <property name="path.separator" value=":"/>
    <property name="os.version" value="26.0.1"/>
    <property name="java.runtime.name" value="OpenJDK Runtime Environment"/>
    <property name="file.encoding" value="UTF-8"/>
    <property name="java.vm.name" value="OpenJDK 64-Bit Server VM"/>
    <property name="java.vendor.version" value="Microsoft-11926164"/>
    <property name="localRepository" value="/Users/yalcindamoglu/.m2/repository"/>
    <property name="java.vendor.url.bug" value="https://github.com/microsoft/openjdk/issues"/>
    <property name="java.io.tmpdir" value="/var/folders/cn/l3y4j40d7930w5n55m5ny7k00000gn/T/"/>
    <property name="java.version" value="17.0.16"/>
    <property name="user.dir" value="/Users/yalcindamoglu/Downloads/FSWEB-S14D1-Maven-master"/>
    <property name="os.arch" value="aarch64"/>
    <property name="java.vm.specification.name" value="Java Virtual Machine Specification"/>
    <property name="native.encoding" value="UTF-8"/>
    <property name="java.library.path" value="/Users/yalcindamoglu/Library/Java/Extensions:/Library/Java/Extensions:/Network/Library/Java/Extensions:/System/Library/Java/Extensions:/usr/lib/java:."/>
    <property name="java.vm.info" value="mixed mode, sharing"/>
    <property name="java.vendor" value="Microsoft"/>
    <property name="java.vm.version" value="17.0.16+8-LTS"/>
    <property name="java.specification.maintenance.version" value="1"/>
    <property name="sun.io.unicode.encoding" value="UnicodeBig"/>
    <property name="socksNonProxyHosts" value="local|*.local|169.254/16|*.169.254/16"/>
    <property name="java.class.version" value="61.0"/>
  </properties>
  <testcase name="testRectangleAccessModifiers" classname="MainTest" time="0.005"/>
  <testcase name="testCircleAccessModifiers" classname="MainTest" time="0.001"/>
  <testcase name="testEmployeeAccessModifiers" classname="MainTest" time="0"/>
  <testcase name="testCircleTypes" classname="MainTest" time="0.001"/>
  <testcase name="testEmployeeSubClasses" classname="MainTest" time="0"/>
  <testcase name="testGetArea" classname="MainTest" time="0.001"/>
  <testcase name="testRectangleTypes" classname="MainTest" time="0"/>
  <testcase name="testEmployeeTypes" classname="MainTest" time="0.001"/>
  <testcase name="testCuboidAccessModifiers" classname="MainTest" time="0"/>
  <testcase name="testCylinderAccessModifiers" classname="MainTest" time="0"/>
  <testcase name="testCuboidTypes" classname="MainTest" time="0.001"/>
  <testcase name="testCylinderTypes" classname="MainTest" time="0"/>
  <testcase name="testGetAreaRectangle" classname="MainTest" time="0.003">
    <error message="f != java.lang.String" type="java.util.IllegalFormatConversionException">java.util.IllegalFormatConversionException: f != java.lang.String
	at MainTest.testGetAreaRectangle(MainTest.java:102)
</error>
  </testcase>
  <testcase name="testGetVolume" classname="MainTest" time="0"/>
  <testcase name="testGetVolumeRectangle" classname="MainTest" time="0.001">
    <error message="f != java.lang.String" type="java.util.IllegalFormatConversionException">java.util.IllegalFormatConversionException: f != java.lang.String
	at MainTest.testGetVolumeRectangle(MainTest.java:122)
</error>
  </testcase>
</testsuite>